<?xml version="1.0" encoding="UTF-8"?>
<!-- Generated by org.testng.reporters.JUnitReportReporter -->
<testsuite hostname="Desktop-Monitor-1st-Floor-Room3" failures="0" tests="1" name="runner.Runner" time="11.585" errors="0" timestamp="2024-10-30T11:12:27 IST" skipped="0">
  <testcase classname="runner.Runner" name="runScenario" time="11.585"/>
</testsuite> <!-- runner.Runner -->
