<?xml version="1.0" encoding="UTF-8"?>
<!-- Generated by org.testng.reporters.JUnitReportReporter -->
<testsuite hostname="Desktop-Monitor-1st-Floor-Room3" failures="0" tests="1" name="runner.Runner" time="0.067" errors="0" timestamp="2024-10-26T12:49:25 IST" skipped="0">
  <testcase classname="runner.Runner" name="runScenario" time="0.067"/>
</testsuite> <!-- runner.Runner -->
